2022-12-23 16:58:56,041 INFO    MainThread:24548 [internal.py:wandb_internal():90] W&B internal server running at pid: 24548, started at: 2022-12-23 16:58:56.041905
2022-12-23 16:58:56,042 INFO    WriterThread:24548 [datastore.py:open_for_write():75] open: F:\FYP\wandb\run-20221223_165855-g7riqggm\run-g7riqggm.wandb
2022-12-23 16:58:56,045 DEBUG   SenderThread:24548 [sender.py:send():236] send: header
2022-12-23 16:58:56,045 DEBUG   SenderThread:24548 [sender.py:send():236] send: run
2022-12-23 16:58:56,873 INFO    SenderThread:24548 [dir_watcher.py:__init__():216] watching files in: F:\FYP\wandb\run-20221223_165855-g7riqggm\files
2022-12-23 16:58:56,873 INFO    SenderThread:24548 [sender.py:_start_run_threads():815] run started: g7riqggm with start time 1671814735
2022-12-23 16:58:56,877 DEBUG   SenderThread:24548 [sender.py:send():236] send: summary
2022-12-23 16:58:56,878 INFO    SenderThread:24548 [sender.py:_save_file():952] saving file wandb-summary.json with policy end
2022-12-23 16:58:56,878 DEBUG   HandlerThread:24548 [handler.py:handle_request():140] handle_request: check_version
2022-12-23 16:58:56,878 DEBUG   SenderThread:24548 [sender.py:send_request():250] send_request: check_version
2022-12-23 16:58:57,314 DEBUG   HandlerThread:24548 [handler.py:handle_request():140] handle_request: run_start
2022-12-23 16:58:57,330 DEBUG   HandlerThread:24548 [meta.py:__init__():35] meta init
2022-12-23 16:58:57,330 DEBUG   HandlerThread:24548 [meta.py:__init__():49] meta init done
2022-12-23 16:58:57,330 DEBUG   HandlerThread:24548 [meta.py:probe():209] probe
2022-12-23 16:58:57,348 DEBUG   HandlerThread:24548 [git.py:repo():29] git repository is invalid
2022-12-23 16:58:57,348 DEBUG   HandlerThread:24548 [meta.py:_save_pip():53] save pip
2022-12-23 16:58:57,349 DEBUG   HandlerThread:24548 [meta.py:_save_pip():67] save pip done
2022-12-23 16:58:57,349 DEBUG   HandlerThread:24548 [meta.py:_save_conda():74] save conda
2022-12-23 16:58:57,356 ERROR   HandlerThread:24548 [meta.py:_save_conda():83] Error saving conda packages
Traceback (most recent call last):
  File "C:\ProgramData\Anaconda3\envs\FYP\lib\site-packages\wandb\sdk\internal\meta.py", line 79, in _save_conda
    subprocess.call(
  File "C:\ProgramData\Anaconda3\envs\FYP\lib\subprocess.py", line 345, in call
    with Popen(*popenargs, **kwargs) as p:
  File "C:\ProgramData\Anaconda3\envs\FYP\lib\subprocess.py", line 971, in __init__
    self._execute_child(args, executable, preexec_fn, close_fds,
  File "C:\ProgramData\Anaconda3\envs\FYP\lib\subprocess.py", line 1440, in _execute_child
    hp, ht, pid, tid = _winapi.CreateProcess(executable, args,
FileNotFoundError: [WinError 2] The system cannot find the file specified
2022-12-23 16:58:57,357 DEBUG   HandlerThread:24548 [meta.py:_save_conda():84] save conda done
2022-12-23 16:58:57,357 DEBUG   HandlerThread:24548 [meta.py:probe():247] probe done
2022-12-23 16:58:57,368 DEBUG   SenderThread:24548 [sender.py:send():236] send: files
2022-12-23 16:58:57,369 INFO    SenderThread:24548 [sender.py:_save_file():952] saving file wandb-metadata.json with policy now
2022-12-23 16:58:57,373 DEBUG   HandlerThread:24548 [handler.py:handle_request():140] handle_request: stop_status
2022-12-23 16:58:57,373 DEBUG   SenderThread:24548 [sender.py:send_request():250] send_request: stop_status
2022-12-23 16:58:57,886 INFO    Thread-11 :24548 [dir_watcher.py:_on_file_created():269] file/dir created: F:\FYP\wandb\run-20221223_165855-g7riqggm\files\wandb-metadata.json
2022-12-23 16:58:57,886 INFO    Thread-11 :24548 [dir_watcher.py:_on_file_created():269] file/dir created: F:\FYP\wandb\run-20221223_165855-g7riqggm\files\output.log
2022-12-23 16:58:57,886 INFO    Thread-11 :24548 [dir_watcher.py:_on_file_created():269] file/dir created: F:\FYP\wandb\run-20221223_165855-g7riqggm\files\conda-environment.yaml
2022-12-23 16:58:57,887 INFO    Thread-11 :24548 [dir_watcher.py:_on_file_created():269] file/dir created: F:\FYP\wandb\run-20221223_165855-g7riqggm\files\requirements.txt
2022-12-23 16:58:57,887 INFO    Thread-11 :24548 [dir_watcher.py:_on_file_created():269] file/dir created: F:\FYP\wandb\run-20221223_165855-g7riqggm\files\wandb-summary.json
2022-12-23 16:59:15,024 INFO    Thread-15 :24548 [upload_job.py:push():138] Uploaded file C:\Users\Sevi\AppData\Local\Temp\tmpbgqfqhw3wandb\2pq9nng8-wandb-metadata.json
2022-12-23 16:59:17,374 DEBUG   HandlerThread:24548 [handler.py:handle_request():140] handle_request: stop_status
2022-12-23 16:59:20,202 ERROR   SenderThread:24548 [retry.py:__call__():132] Retry attempt failed:
Traceback (most recent call last):
  File "C:\ProgramData\Anaconda3\envs\FYP\lib\site-packages\urllib3\connectionpool.py", line 386, in _make_request
    self._validate_conn(conn)
  File "C:\ProgramData\Anaconda3\envs\FYP\lib\site-packages\urllib3\connectionpool.py", line 1042, in _validate_conn
    conn.connect()
  File "C:\ProgramData\Anaconda3\envs\FYP\lib\site-packages\urllib3\connection.py", line 414, in connect
    self.sock = ssl_wrap_socket(
  File "C:\ProgramData\Anaconda3\envs\FYP\lib\site-packages\urllib3\util\ssl_.py", line 449, in ssl_wrap_socket
    ssl_sock = _ssl_wrap_socket_impl(
  File "C:\ProgramData\Anaconda3\envs\FYP\lib\site-packages\urllib3\util\ssl_.py", line 493, in _ssl_wrap_socket_impl
    return ssl_context.wrap_socket(sock, server_hostname=server_hostname)
  File "C:\ProgramData\Anaconda3\envs\FYP\lib\ssl.py", line 513, in wrap_socket
    return self.sslsocket_class._create(
  File "C:\ProgramData\Anaconda3\envs\FYP\lib\ssl.py", line 1071, in _create
    self.do_handshake()
  File "C:\ProgramData\Anaconda3\envs\FYP\lib\ssl.py", line 1342, in do_handshake
    self._sslobj.do_handshake()
TimeoutError: _ssl.c:980: The handshake operation timed out

During handling of the above exception, another exception occurred:

Traceback (most recent call last):
  File "C:\ProgramData\Anaconda3\envs\FYP\lib\site-packages\requests\adapters.py", line 489, in send
    resp = conn.urlopen(
  File "C:\ProgramData\Anaconda3\envs\FYP\lib\site-packages\urllib3\connectionpool.py", line 787, in urlopen
    retries = retries.increment(
  File "C:\ProgramData\Anaconda3\envs\FYP\lib\site-packages\urllib3\util\retry.py", line 550, in increment
    raise six.reraise(type(error), error, _stacktrace)
  File "C:\ProgramData\Anaconda3\envs\FYP\lib\site-packages\urllib3\packages\six.py", line 770, in reraise
    raise value
  File "C:\ProgramData\Anaconda3\envs\FYP\lib\site-packages\urllib3\connectionpool.py", line 703, in urlopen
    httplib_response = self._make_request(
  File "C:\ProgramData\Anaconda3\envs\FYP\lib\site-packages\urllib3\connectionpool.py", line 389, in _make_request
    self._raise_timeout(err=e, url=url, timeout_value=conn.timeout)
  File "C:\ProgramData\Anaconda3\envs\FYP\lib\site-packages\urllib3\connectionpool.py", line 340, in _raise_timeout
    raise ReadTimeoutError(
urllib3.exceptions.ReadTimeoutError: HTTPSConnectionPool(host='api.wandb.ai', port=443): Read timed out. (read timeout=10)

During handling of the above exception, another exception occurred:

Traceback (most recent call last):
  File "C:\ProgramData\Anaconda3\envs\FYP\lib\site-packages\wandb\sdk\lib\retry.py", line 108, in __call__
    result = self._call_fn(*args, **kwargs)
  File "C:\ProgramData\Anaconda3\envs\FYP\lib\site-packages\wandb\sdk\internal\internal_api.py", line 158, in execute
    return self.client.execute(*args, **kwargs)
  File "C:\ProgramData\Anaconda3\envs\FYP\lib\site-packages\wandb\vendor\gql-0.2.0\wandb_gql\client.py", line 52, in execute
    result = self._get_result(document, *args, **kwargs)
  File "C:\ProgramData\Anaconda3\envs\FYP\lib\site-packages\wandb\vendor\gql-0.2.0\wandb_gql\client.py", line 60, in _get_result
    return self.transport.execute(document, *args, **kwargs)
  File "C:\ProgramData\Anaconda3\envs\FYP\lib\site-packages\wandb\vendor\gql-0.2.0\wandb_gql\transport\requests.py", line 38, in execute
    request = requests.post(self.url, **post_args)
  File "C:\ProgramData\Anaconda3\envs\FYP\lib\site-packages\requests\api.py", line 115, in post
    return request("post", url, data=data, json=json, **kwargs)
  File "C:\ProgramData\Anaconda3\envs\FYP\lib\site-packages\requests\api.py", line 59, in request
    return session.request(method=method, url=url, **kwargs)
  File "C:\ProgramData\Anaconda3\envs\FYP\lib\site-packages\requests\sessions.py", line 587, in request
    resp = self.send(prep, **send_kwargs)
  File "C:\ProgramData\Anaconda3\envs\FYP\lib\site-packages\requests\sessions.py", line 701, in send
    r = adapter.send(request, **kwargs)
  File "C:\ProgramData\Anaconda3\envs\FYP\lib\site-packages\requests\adapters.py", line 578, in send
    raise ReadTimeout(e, request=request)
requests.exceptions.ReadTimeout: HTTPSConnectionPool(host='api.wandb.ai', port=443): Read timed out. (read timeout=10)
2022-12-23 16:59:23,153 DEBUG   SenderThread:24548 [sender.py:send():236] send: telemetry
2022-12-23 16:59:23,153 DEBUG   SenderThread:24548 [sender.py:send_request():250] send_request: stop_status
2022-12-23 16:59:23,754 WARNING FileStreamThread:24548 [file_stream.py:request_with_retry():589] requests_with_retry encountered retryable exception: ('Connection aborted.', RemoteDisconnected('Remote end closed connection without response')). func: <bound method Session.post of <requests.sessions.Session object at 0x0000022BAA8250C0>>, args: ('https://api.wandb.ai/files/sevixdd/img2dataset/g7riqggm/file_stream',), kwargs: {'json': {'files': {'wandb-summary.json': {'offset': 0, 'content': ['{}']}}, 'dropped': 0}}
2022-12-23 16:59:37,386 DEBUG   HandlerThread:24548 [handler.py:handle_request():140] handle_request: stop_status
2022-12-23 16:59:47,243 WARNING FileStreamThread:24548 [file_stream.py:request_with_retry():589] requests_with_retry encountered retryable exception: HTTPSConnectionPool(host='api.wandb.ai', port=443): Max retries exceeded with url: /files/sevixdd/img2dataset/g7riqggm/file_stream (Caused by ConnectTimeoutError(<urllib3.connection.HTTPSConnection object at 0x0000022BAA8C72B0>, 'Connection to api.wandb.ai timed out. (connect timeout=None)')). func: <bound method Session.post of <requests.sessions.Session object at 0x0000022BAA8250C0>>, args: ('https://api.wandb.ai/files/sevixdd/img2dataset/g7riqggm/file_stream',), kwargs: {'json': {'files': {'wandb-summary.json': {'offset': 0, 'content': ['{}']}}, 'dropped': 0}}
2022-12-23 16:59:57,401 DEBUG   HandlerThread:24548 [handler.py:handle_request():140] handle_request: stop_status
2022-12-23 16:59:57,716 ERROR   SenderThread:24548 [retry.py:__call__():132] Retry attempt failed:
Traceback (most recent call last):
  File "C:\ProgramData\Anaconda3\envs\FYP\lib\site-packages\urllib3\connection.py", line 174, in _new_conn
    conn = connection.create_connection(
  File "C:\ProgramData\Anaconda3\envs\FYP\lib\site-packages\urllib3\util\connection.py", line 95, in create_connection
    raise err
  File "C:\ProgramData\Anaconda3\envs\FYP\lib\site-packages\urllib3\util\connection.py", line 85, in create_connection
    sock.connect(sa)
TimeoutError: timed out

During handling of the above exception, another exception occurred:

Traceback (most recent call last):
  File "C:\ProgramData\Anaconda3\envs\FYP\lib\site-packages\urllib3\connectionpool.py", line 703, in urlopen
    httplib_response = self._make_request(
  File "C:\ProgramData\Anaconda3\envs\FYP\lib\site-packages\urllib3\connectionpool.py", line 386, in _make_request
    self._validate_conn(conn)
  File "C:\ProgramData\Anaconda3\envs\FYP\lib\site-packages\urllib3\connectionpool.py", line 1042, in _validate_conn
    conn.connect()
  File "C:\ProgramData\Anaconda3\envs\FYP\lib\site-packages\urllib3\connection.py", line 358, in connect
    self.sock = conn = self._new_conn()
  File "C:\ProgramData\Anaconda3\envs\FYP\lib\site-packages\urllib3\connection.py", line 179, in _new_conn
    raise ConnectTimeoutError(
urllib3.exceptions.ConnectTimeoutError: (<urllib3.connection.HTTPSConnection object at 0x0000022BAB9244F0>, 'Connection to api.wandb.ai timed out. (connect timeout=10)')

During handling of the above exception, another exception occurred:

Traceback (most recent call last):
  File "C:\ProgramData\Anaconda3\envs\FYP\lib\site-packages\requests\adapters.py", line 489, in send
    resp = conn.urlopen(
  File "C:\ProgramData\Anaconda3\envs\FYP\lib\site-packages\urllib3\connectionpool.py", line 787, in urlopen
    retries = retries.increment(
  File "C:\ProgramData\Anaconda3\envs\FYP\lib\site-packages\urllib3\util\retry.py", line 592, in increment
    raise MaxRetryError(_pool, url, error or ResponseError(cause))
urllib3.exceptions.MaxRetryError: HTTPSConnectionPool(host='api.wandb.ai', port=443): Max retries exceeded with url: /graphql (Caused by ConnectTimeoutError(<urllib3.connection.HTTPSConnection object at 0x0000022BAB9244F0>, 'Connection to api.wandb.ai timed out. (connect timeout=10)'))

During handling of the above exception, another exception occurred:

Traceback (most recent call last):
  File "C:\ProgramData\Anaconda3\envs\FYP\lib\site-packages\wandb\sdk\lib\retry.py", line 108, in __call__
    result = self._call_fn(*args, **kwargs)
  File "C:\ProgramData\Anaconda3\envs\FYP\lib\site-packages\wandb\sdk\internal\internal_api.py", line 158, in execute
    return self.client.execute(*args, **kwargs)
  File "C:\ProgramData\Anaconda3\envs\FYP\lib\site-packages\wandb\vendor\gql-0.2.0\wandb_gql\client.py", line 52, in execute
    result = self._get_result(document, *args, **kwargs)
  File "C:\ProgramData\Anaconda3\envs\FYP\lib\site-packages\wandb\vendor\gql-0.2.0\wandb_gql\client.py", line 60, in _get_result
    return self.transport.execute(document, *args, **kwargs)
  File "C:\ProgramData\Anaconda3\envs\FYP\lib\site-packages\wandb\vendor\gql-0.2.0\wandb_gql\transport\requests.py", line 38, in execute
    request = requests.post(self.url, **post_args)
  File "C:\ProgramData\Anaconda3\envs\FYP\lib\site-packages\requests\api.py", line 115, in post
    return request("post", url, data=data, json=json, **kwargs)
  File "C:\ProgramData\Anaconda3\envs\FYP\lib\site-packages\requests\api.py", line 59, in request
    return session.request(method=method, url=url, **kwargs)
  File "C:\ProgramData\Anaconda3\envs\FYP\lib\site-packages\requests\sessions.py", line 587, in request
    resp = self.send(prep, **send_kwargs)
  File "C:\ProgramData\Anaconda3\envs\FYP\lib\site-packages\requests\sessions.py", line 701, in send
    r = adapter.send(request, **kwargs)
  File "C:\ProgramData\Anaconda3\envs\FYP\lib\site-packages\requests\adapters.py", line 553, in send
    raise ConnectTimeout(e, request=request)
requests.exceptions.ConnectTimeout: HTTPSConnectionPool(host='api.wandb.ai', port=443): Max retries exceeded with url: /graphql (Caused by ConnectTimeoutError(<urllib3.connection.HTTPSConnection object at 0x0000022BAB9244F0>, 'Connection to api.wandb.ai timed out. (connect timeout=10)'))
2022-12-23 17:00:17,420 DEBUG   HandlerThread:24548 [handler.py:handle_request():140] handle_request: stop_status
2022-12-23 17:00:37,433 DEBUG   HandlerThread:24548 [handler.py:handle_request():140] handle_request: stop_status
2022-12-23 17:00:42,909 DEBUG   HandlerThread:24548 [handler.py:handle_request():140] handle_request: partial_history
2022-12-23 17:00:42,910 DEBUG   HandlerThread:24548 [handler.py:handle_request():140] handle_request: partial_history
2022-12-23 17:00:43,961 INFO    Thread-11 :24548 [dir_watcher.py:_on_file_modified():286] file/dir modified: F:\FYP\wandb\run-20221223_165855-g7riqggm\files\output.log
2022-12-23 17:00:45,158 DEBUG   HandlerThread:24548 [handler.py:handle_request():140] handle_request: log_artifact
2022-12-23 17:00:45,977 INFO    Thread-11 :24548 [dir_watcher.py:_on_file_created():269] file/dir created: F:\FYP\wandb\run-20221223_165855-g7riqggm\files\media\table\status_2_3a68daab7fcf14b62662.table.json
2022-12-23 17:00:45,978 INFO    Thread-11 :24548 [dir_watcher.py:_on_file_created():269] file/dir created: F:\FYP\wandb\run-20221223_165855-g7riqggm\files\media
2022-12-23 17:00:45,978 INFO    Thread-11 :24548 [dir_watcher.py:_on_file_created():269] file/dir created: F:\FYP\wandb\run-20221223_165855-g7riqggm\files\media\table
2022-12-23 17:00:47,620 DEBUG   HandlerThread:24548 [handler.py:handle_request():140] handle_request: partial_history
2022-12-23 17:00:47,625 DEBUG   HandlerThread:24548 [handler.py:handle_request():140] handle_request: partial_history
2022-12-23 17:00:47,625 DEBUG   HandlerThread:24548 [handler.py:handle_request():140] handle_request: partial_history
2022-12-23 17:00:47,996 INFO    Thread-11 :24548 [dir_watcher.py:_on_file_modified():286] file/dir modified: F:\FYP\wandb\run-20221223_165855-g7riqggm\files\output.log
2022-12-23 17:00:52,738 DEBUG   HandlerThread:24548 [handler.py:handle_request():140] handle_request: partial_history
2022-12-23 17:00:52,738 DEBUG   HandlerThread:24548 [handler.py:handle_request():140] handle_request: partial_history
2022-12-23 17:00:52,742 DEBUG   HandlerThread:24548 [handler.py:handle_request():140] handle_request: partial_history
2022-12-23 17:00:52,742 DEBUG   HandlerThread:24548 [handler.py:handle_request():140] handle_request: partial_history
2022-12-23 17:00:52,747 DEBUG   HandlerThread:24548 [handler.py:handle_request():140] handle_request: partial_history
2022-12-23 17:00:52,748 DEBUG   HandlerThread:24548 [handler.py:handle_request():140] handle_request: partial_history
2022-12-23 17:00:52,751 DEBUG   HandlerThread:24548 [handler.py:handle_request():140] handle_request: partial_history
2022-12-23 17:00:52,752 DEBUG   HandlerThread:24548 [handler.py:handle_request():140] handle_request: partial_history
2022-12-23 17:00:54,039 INFO    Thread-11 :24548 [dir_watcher.py:_on_file_modified():286] file/dir modified: F:\FYP\wandb\run-20221223_165855-g7riqggm\files\output.log
2022-12-23 17:00:57,450 DEBUG   HandlerThread:24548 [handler.py:handle_request():140] handle_request: stop_status
2022-12-23 17:00:57,764 DEBUG   HandlerThread:24548 [handler.py:handle_request():140] handle_request: partial_history
2022-12-23 17:00:57,765 DEBUG   HandlerThread:24548 [handler.py:handle_request():140] handle_request: partial_history
2022-12-23 17:01:00,113 INFO    Thread-11 :24548 [dir_watcher.py:_on_file_modified():286] file/dir modified: F:\FYP\wandb\run-20221223_165855-g7riqggm\files\output.log
2022-12-23 17:01:07,778 DEBUG   HandlerThread:24548 [handler.py:handle_request():140] handle_request: partial_history
2022-12-23 17:01:07,778 DEBUG   HandlerThread:24548 [handler.py:handle_request():140] handle_request: partial_history
2022-12-23 17:01:07,781 DEBUG   HandlerThread:24548 [handler.py:handle_request():140] handle_request: partial_history
2022-12-23 17:01:07,781 DEBUG   HandlerThread:24548 [handler.py:handle_request():140] handle_request: partial_history
2022-12-23 17:01:10,223 INFO    Thread-11 :24548 [dir_watcher.py:_on_file_modified():286] file/dir modified: F:\FYP\wandb\run-20221223_165855-g7riqggm\files\output.log
2022-12-23 17:01:12,814 DEBUG   HandlerThread:24548 [handler.py:handle_request():140] handle_request: partial_history
2022-12-23 17:01:12,815 DEBUG   HandlerThread:24548 [handler.py:handle_request():140] handle_request: partial_history
2022-12-23 17:01:14,250 INFO    Thread-11 :24548 [dir_watcher.py:_on_file_modified():286] file/dir modified: F:\FYP\wandb\run-20221223_165855-g7riqggm\files\output.log
2022-12-23 17:01:17,468 DEBUG   HandlerThread:24548 [handler.py:handle_request():140] handle_request: stop_status
2022-12-23 17:01:17,848 DEBUG   HandlerThread:24548 [handler.py:handle_request():140] handle_request: partial_history
2022-12-23 17:01:17,848 DEBUG   HandlerThread:24548 [handler.py:handle_request():140] handle_request: partial_history
2022-12-23 17:01:17,851 DEBUG   HandlerThread:24548 [handler.py:handle_request():140] handle_request: partial_history
2022-12-23 17:01:17,852 DEBUG   HandlerThread:24548 [handler.py:handle_request():140] handle_request: partial_history
2022-12-23 17:01:18,295 INFO    Thread-11 :24548 [dir_watcher.py:_on_file_modified():286] file/dir modified: F:\FYP\wandb\run-20221223_165855-g7riqggm\files\output.log
2022-12-23 17:01:37,487 DEBUG   HandlerThread:24548 [handler.py:handle_request():140] handle_request: stop_status
2022-12-23 17:01:43,119 DEBUG   HandlerThread:24548 [handler.py:handle_request():140] handle_request: partial_history
2022-12-23 17:01:43,120 DEBUG   HandlerThread:24548 [handler.py:handle_request():140] handle_request: partial_history
2022-12-23 17:01:43,122 DEBUG   HandlerThread:24548 [handler.py:handle_request():140] handle_request: partial_history
2022-12-23 17:01:43,122 DEBUG   HandlerThread:24548 [handler.py:handle_request():140] handle_request: partial_history
2022-12-23 17:01:43,125 DEBUG   HandlerThread:24548 [handler.py:handle_request():140] handle_request: partial_history
2022-12-23 17:01:43,125 DEBUG   HandlerThread:24548 [handler.py:handle_request():140] handle_request: partial_history
2022-12-23 17:01:44,567 INFO    Thread-11 :24548 [dir_watcher.py:_on_file_modified():286] file/dir modified: F:\FYP\wandb\run-20221223_165855-g7riqggm\files\output.log
2022-12-23 17:01:53,180 DEBUG   HandlerThread:24548 [handler.py:handle_request():140] handle_request: partial_history
2022-12-23 17:01:53,181 DEBUG   HandlerThread:24548 [handler.py:handle_request():140] handle_request: partial_history
2022-12-23 17:01:54,674 INFO    Thread-11 :24548 [dir_watcher.py:_on_file_modified():286] file/dir modified: F:\FYP\wandb\run-20221223_165855-g7riqggm\files\output.log
2022-12-23 17:01:57,492 DEBUG   HandlerThread:24548 [handler.py:handle_request():140] handle_request: stop_status
2022-12-23 17:02:04,757 INFO    Thread-11 :24548 [dir_watcher.py:_on_file_modified():286] file/dir modified: F:\FYP\wandb\run-20221223_165855-g7riqggm\files\output.log
2022-12-23 17:02:13,803 DEBUG   HandlerThread:24548 [handler.py:handle_request():140] handle_request: log_artifact
2022-12-23 17:02:13,816 DEBUG   HandlerThread:24548 [handler.py:handle_request():140] handle_request: partial_history
2022-12-23 17:02:13,818 INFO    Thread-11 :24548 [dir_watcher.py:_on_file_created():269] file/dir created: F:\FYP\wandb\run-20221223_165855-g7riqggm\files\media\table\status_33_f9bf21a458dd3605ad15.table.json
2022-12-23 17:02:13,818 INFO    Thread-11 :24548 [dir_watcher.py:_on_file_modified():286] file/dir modified: F:\FYP\wandb\run-20221223_165855-g7riqggm\files\media\table
2022-12-23 17:02:14,833 INFO    Thread-11 :24548 [dir_watcher.py:_on_file_modified():286] file/dir modified: F:\FYP\wandb\run-20221223_165855-g7riqggm\files\output.log
2022-12-23 17:02:15,498 ERROR   SenderThread:24548 [retry.py:__call__():132] Retry attempt failed:
Traceback (most recent call last):
  File "C:\ProgramData\Anaconda3\envs\FYP\lib\site-packages\urllib3\connection.py", line 174, in _new_conn
    conn = connection.create_connection(
  File "C:\ProgramData\Anaconda3\envs\FYP\lib\site-packages\urllib3\util\connection.py", line 95, in create_connection
    raise err
  File "C:\ProgramData\Anaconda3\envs\FYP\lib\site-packages\urllib3\util\connection.py", line 85, in create_connection
    sock.connect(sa)
TimeoutError: timed out

During handling of the above exception, another exception occurred:

Traceback (most recent call last):
  File "C:\ProgramData\Anaconda3\envs\FYP\lib\site-packages\urllib3\connectionpool.py", line 703, in urlopen
    httplib_response = self._make_request(
  File "C:\ProgramData\Anaconda3\envs\FYP\lib\site-packages\urllib3\connectionpool.py", line 386, in _make_request
    self._validate_conn(conn)
  File "C:\ProgramData\Anaconda3\envs\FYP\lib\site-packages\urllib3\connectionpool.py", line 1042, in _validate_conn
    conn.connect()
  File "C:\ProgramData\Anaconda3\envs\FYP\lib\site-packages\urllib3\connection.py", line 358, in connect
    self.sock = conn = self._new_conn()
  File "C:\ProgramData\Anaconda3\envs\FYP\lib\site-packages\urllib3\connection.py", line 179, in _new_conn
    raise ConnectTimeoutError(
urllib3.exceptions.ConnectTimeoutError: (<urllib3.connection.HTTPSConnection object at 0x0000022BAB9259C0>, 'Connection to api.wandb.ai timed out. (connect timeout=10)')

During handling of the above exception, another exception occurred:

Traceback (most recent call last):
  File "C:\ProgramData\Anaconda3\envs\FYP\lib\site-packages\requests\adapters.py", line 489, in send
    resp = conn.urlopen(
  File "C:\ProgramData\Anaconda3\envs\FYP\lib\site-packages\urllib3\connectionpool.py", line 787, in urlopen
    retries = retries.increment(
  File "C:\ProgramData\Anaconda3\envs\FYP\lib\site-packages\urllib3\util\retry.py", line 592, in increment
    raise MaxRetryError(_pool, url, error or ResponseError(cause))
urllib3.exceptions.MaxRetryError: HTTPSConnectionPool(host='api.wandb.ai', port=443): Max retries exceeded with url: /graphql (Caused by ConnectTimeoutError(<urllib3.connection.HTTPSConnection object at 0x0000022BAB9259C0>, 'Connection to api.wandb.ai timed out. (connect timeout=10)'))

During handling of the above exception, another exception occurred:

Traceback (most recent call last):
  File "C:\ProgramData\Anaconda3\envs\FYP\lib\site-packages\wandb\sdk\lib\retry.py", line 108, in __call__
    result = self._call_fn(*args, **kwargs)
  File "C:\ProgramData\Anaconda3\envs\FYP\lib\site-packages\wandb\sdk\internal\internal_api.py", line 158, in execute
    return self.client.execute(*args, **kwargs)
  File "C:\ProgramData\Anaconda3\envs\FYP\lib\site-packages\wandb\vendor\gql-0.2.0\wandb_gql\client.py", line 52, in execute
    result = self._get_result(document, *args, **kwargs)
  File "C:\ProgramData\Anaconda3\envs\FYP\lib\site-packages\wandb\vendor\gql-0.2.0\wandb_gql\client.py", line 60, in _get_result
    return self.transport.execute(document, *args, **kwargs)
  File "C:\ProgramData\Anaconda3\envs\FYP\lib\site-packages\wandb\vendor\gql-0.2.0\wandb_gql\transport\requests.py", line 38, in execute
    request = requests.post(self.url, **post_args)
  File "C:\ProgramData\Anaconda3\envs\FYP\lib\site-packages\requests\api.py", line 115, in post
    return request("post", url, data=data, json=json, **kwargs)
  File "C:\ProgramData\Anaconda3\envs\FYP\lib\site-packages\requests\api.py", line 59, in request
    return session.request(method=method, url=url, **kwargs)
  File "C:\ProgramData\Anaconda3\envs\FYP\lib\site-packages\requests\sessions.py", line 587, in request
    resp = self.send(prep, **send_kwargs)
  File "C:\ProgramData\Anaconda3\envs\FYP\lib\site-packages\requests\sessions.py", line 701, in send
    r = adapter.send(request, **kwargs)
  File "C:\ProgramData\Anaconda3\envs\FYP\lib\site-packages\requests\adapters.py", line 553, in send
    raise ConnectTimeout(e, request=request)
requests.exceptions.ConnectTimeout: HTTPSConnectionPool(host='api.wandb.ai', port=443): Max retries exceeded with url: /graphql (Caused by ConnectTimeoutError(<urllib3.connection.HTTPSConnection object at 0x0000022BAB9259C0>, 'Connection to api.wandb.ai timed out. (connect timeout=10)'))
2022-12-23 17:02:17,500 DEBUG   HandlerThread:24548 [handler.py:handle_request():140] handle_request: stop_status
2022-12-23 17:02:37,519 DEBUG   HandlerThread:24548 [handler.py:handle_request():140] handle_request: stop_status
2022-12-23 17:02:41,243 DEBUG   SenderThread:24548 [sender.py:send():236] send: stats
2022-12-23 17:02:41,243 DEBUG   SenderThread:24548 [sender.py:send_request():250] send_request: stop_status
2022-12-23 17:02:42,100 INFO    Thread-11 :24548 [dir_watcher.py:_on_file_modified():286] file/dir modified: F:\FYP\wandb\run-20221223_165855-g7riqggm\files\config.yaml
2022-12-23 17:02:42,245 DEBUG   SenderThread:24548 [sender.py:send_request():250] send_request: stop_status
2022-12-23 17:02:44,055 DEBUG   SenderThread:24548 [sender.py:send():236] send: stats
2022-12-23 17:02:44,056 DEBUG   SenderThread:24548 [sender.py:send_request():250] send_request: stop_status
2022-12-23 17:02:44,876 DEBUG   SenderThread:24548 [sender.py:send():236] send: stats
2022-12-23 17:02:44,876 DEBUG   SenderThread:24548 [sender.py:send_request():250] send_request: stop_status
2022-12-23 17:02:45,097 DEBUG   SenderThread:24548 [sender.py:send():236] send: history
2022-12-23 17:02:45,098 DEBUG   SenderThread:24548 [sender.py:send():236] send: summary
2022-12-23 17:02:45,098 INFO    SenderThread:24548 [sender.py:_save_file():952] saving file wandb-summary.json with policy end
2022-12-23 17:02:45,098 DEBUG   SenderThread:24548 [sender.py:send():236] send: history
2022-12-23 17:02:45,098 DEBUG   SenderThread:24548 [sender.py:send():236] send: summary
2022-12-23 17:02:45,099 INFO    SenderThread:24548 [sender.py:_save_file():952] saving file wandb-summary.json with policy end
2022-12-23 17:02:45,099 DEBUG   SenderThread:24548 [sender.py:send_request():250] send_request: log_artifact
2022-12-23 17:02:45,123 INFO    Thread-11 :24548 [dir_watcher.py:_on_file_modified():286] file/dir modified: F:\FYP\wandb\run-20221223_165855-g7riqggm\files\wandb-summary.json
2022-12-23 17:02:48,851 INFO    Thread-17 :24548 [upload_job.py:push():96] Uploaded file C:\Users\Sevi\.cache\wandb\artifacts\obj\md5\a4\4216cd65ef66240fa2509e53f1681f
2022-12-23 17:02:51,258 INFO    SenderThread:24548 [sender.py:send_request_log_artifact():1009] logged artifact run-g7riqggm-status - {'id': 'QXJ0aWZhY3Q6MzAxNjA1MzYy', 'digest': 'e83caf4375522cfbd55cc6d05f792cbc', 'state': 'PENDING', 'aliases': [], 'artifactSequence': {'id': 'QXJ0aWZhY3RDb2xsZWN0aW9uOjQ4MDUzNTc1', 'latestArtifact': None}, 'version': 'latest'}
2022-12-23 17:02:51,258 DEBUG   SenderThread:24548 [sender.py:send():236] send: files
2022-12-23 17:02:51,259 INFO    SenderThread:24548 [sender.py:_save_file():952] saving file media\table\status_2_3a68daab7fcf14b62662.table.json with policy now
2022-12-23 17:02:51,259 DEBUG   SenderThread:24548 [sender.py:send():236] send: history
2022-12-23 17:02:51,259 DEBUG   SenderThread:24548 [sender.py:send():236] send: summary
2022-12-23 17:02:51,260 INFO    SenderThread:24548 [sender.py:_save_file():952] saving file wandb-summary.json with policy end
2022-12-23 17:02:51,260 DEBUG   SenderThread:24548 [sender.py:send():236] send: history
2022-12-23 17:02:51,260 DEBUG   SenderThread:24548 [sender.py:send():236] send: summary
2022-12-23 17:02:51,261 INFO    SenderThread:24548 [sender.py:_save_file():952] saving file wandb-summary.json with policy end
2022-12-23 17:02:51,261 DEBUG   SenderThread:24548 [sender.py:send():236] send: history
2022-12-23 17:02:51,261 DEBUG   SenderThread:24548 [sender.py:send():236] send: summary
2022-12-23 17:02:51,262 INFO    SenderThread:24548 [sender.py:_save_file():952] saving file wandb-summary.json with policy end
2022-12-23 17:02:51,262 DEBUG   SenderThread:24548 [sender.py:send():236] send: history
2022-12-23 17:02:51,262 DEBUG   SenderThread:24548 [sender.py:send():236] send: summary
2022-12-23 17:02:51,262 INFO    SenderThread:24548 [sender.py:_save_file():952] saving file wandb-summary.json with policy end
2022-12-23 17:02:51,263 DEBUG   SenderThread:24548 [sender.py:send():236] send: history
2022-12-23 17:02:51,263 DEBUG   SenderThread:24548 [sender.py:send():236] send: summary
2022-12-23 17:02:51,263 INFO    SenderThread:24548 [sender.py:_save_file():952] saving file wandb-summary.json with policy end
2022-12-23 17:02:51,263 DEBUG   SenderThread:24548 [sender.py:send():236] send: history
2022-12-23 17:02:51,264 DEBUG   SenderThread:24548 [sender.py:send():236] send: summary
2022-12-23 17:02:51,264 INFO    SenderThread:24548 [sender.py:_save_file():952] saving file wandb-summary.json with policy end
2022-12-23 17:02:51,264 DEBUG   SenderThread:24548 [sender.py:send():236] send: history
2022-12-23 17:02:51,264 DEBUG   SenderThread:24548 [sender.py:send():236] send: summary
2022-12-23 17:02:51,265 INFO    SenderThread:24548 [sender.py:_save_file():952] saving file wandb-summary.json with policy end
2022-12-23 17:02:51,265 DEBUG   SenderThread:24548 [sender.py:send():236] send: history
2022-12-23 17:02:51,265 DEBUG   SenderThread:24548 [sender.py:send():236] send: summary
2022-12-23 17:02:51,266 INFO    SenderThread:24548 [sender.py:_save_file():952] saving file wandb-summary.json with policy end
2022-12-23 17:02:51,266 DEBUG   SenderThread:24548 [sender.py:send():236] send: history
2022-12-23 17:02:51,267 DEBUG   SenderThread:24548 [sender.py:send():236] send: summary
2022-12-23 17:02:51,268 INFO    SenderThread:24548 [sender.py:_save_file():952] saving file wandb-summary.json with policy end
2022-12-23 17:02:51,268 DEBUG   SenderThread:24548 [sender.py:send():236] send: history
2022-12-23 17:02:51,268 DEBUG   SenderThread:24548 [sender.py:send():236] send: summary
2022-12-23 17:02:51,268 INFO    SenderThread:24548 [sender.py:_save_file():952] saving file wandb-summary.json with policy end
2022-12-23 17:02:51,269 DEBUG   SenderThread:24548 [sender.py:send():236] send: history
2022-12-23 17:02:51,269 DEBUG   SenderThread:24548 [sender.py:send():236] send: summary
2022-12-23 17:02:51,271 INFO    SenderThread:24548 [sender.py:_save_file():952] saving file wandb-summary.json with policy end
2022-12-23 17:02:51,271 DEBUG   SenderThread:24548 [sender.py:send_request():250] send_request: stop_status
2022-12-23 17:02:51,500 DEBUG   SenderThread:24548 [sender.py:send():236] send: history
2022-12-23 17:02:51,500 DEBUG   SenderThread:24548 [sender.py:send():236] send: summary
2022-12-23 17:02:51,501 INFO    SenderThread:24548 [sender.py:_save_file():952] saving file wandb-summary.json with policy end
2022-12-23 17:02:51,501 DEBUG   SenderThread:24548 [sender.py:send():236] send: history
2022-12-23 17:02:51,501 DEBUG   SenderThread:24548 [sender.py:send():236] send: summary
2022-12-23 17:02:51,501 INFO    SenderThread:24548 [sender.py:_save_file():952] saving file wandb-summary.json with policy end
2022-12-23 17:02:51,502 DEBUG   SenderThread:24548 [sender.py:send():236] send: history
2022-12-23 17:02:51,502 DEBUG   SenderThread:24548 [sender.py:send():236] send: summary
2022-12-23 17:02:51,502 INFO    SenderThread:24548 [sender.py:_save_file():952] saving file wandb-summary.json with policy end
2022-12-23 17:02:51,503 DEBUG   SenderThread:24548 [sender.py:send():236] send: history
2022-12-23 17:02:51,503 DEBUG   SenderThread:24548 [sender.py:send():236] send: summary
2022-12-23 17:02:51,503 INFO    SenderThread:24548 [sender.py:_save_file():952] saving file wandb-summary.json with policy end
2022-12-23 17:02:51,503 DEBUG   SenderThread:24548 [sender.py:send():236] send: history
2022-12-23 17:02:51,503 DEBUG   SenderThread:24548 [sender.py:send():236] send: summary
2022-12-23 17:02:51,504 INFO    SenderThread:24548 [sender.py:_save_file():952] saving file wandb-summary.json with policy end
2022-12-23 17:02:51,504 DEBUG   SenderThread:24548 [sender.py:send():236] send: history
2022-12-23 17:02:51,504 DEBUG   SenderThread:24548 [sender.py:send():236] send: summary
2022-12-23 17:02:51,505 INFO    SenderThread:24548 [sender.py:_save_file():952] saving file wandb-summary.json with policy end
2022-12-23 17:02:51,505 DEBUG   SenderThread:24548 [sender.py:send():236] send: stats
2022-12-23 17:02:51,505 DEBUG   SenderThread:24548 [sender.py:send():236] send: history
2022-12-23 17:02:51,505 DEBUG   SenderThread:24548 [sender.py:send():236] send: summary
2022-12-23 17:02:51,506 INFO    SenderThread:24548 [sender.py:_save_file():952] saving file wandb-summary.json with policy end
2022-12-23 17:02:51,506 DEBUG   SenderThread:24548 [sender.py:send():236] send: history
2022-12-23 17:02:51,506 DEBUG   SenderThread:24548 [sender.py:send():236] send: summary
2022-12-23 17:02:51,506 INFO    SenderThread:24548 [sender.py:_save_file():952] saving file wandb-summary.json with policy end
2022-12-23 17:02:51,507 DEBUG   SenderThread:24548 [sender.py:send_request():250] send_request: stop_status
2022-12-23 17:02:51,700 DEBUG   SenderThread:24548 [sender.py:send():236] send: history
2022-12-23 17:02:51,700 DEBUG   SenderThread:24548 [sender.py:send():236] send: summary
2022-12-23 17:02:51,701 INFO    SenderThread:24548 [sender.py:_save_file():952] saving file wandb-summary.json with policy end
2022-12-23 17:02:51,701 DEBUG   SenderThread:24548 [sender.py:send():236] send: history
2022-12-23 17:02:51,701 DEBUG   SenderThread:24548 [sender.py:send():236] send: summary
2022-12-23 17:02:51,702 INFO    SenderThread:24548 [sender.py:_save_file():952] saving file wandb-summary.json with policy end
2022-12-23 17:02:51,702 DEBUG   SenderThread:24548 [sender.py:send():236] send: history
2022-12-23 17:02:51,702 DEBUG   SenderThread:24548 [sender.py:send():236] send: summary
2022-12-23 17:02:51,702 INFO    SenderThread:24548 [sender.py:_save_file():952] saving file wandb-summary.json with policy end
2022-12-23 17:02:51,702 DEBUG   SenderThread:24548 [sender.py:send():236] send: history
2022-12-23 17:02:51,703 DEBUG   SenderThread:24548 [sender.py:send():236] send: summary
2022-12-23 17:02:51,703 INFO    SenderThread:24548 [sender.py:_save_file():952] saving file wandb-summary.json with policy end
2022-12-23 17:02:51,703 DEBUG   SenderThread:24548 [sender.py:send_request():250] send_request: stop_status
2022-12-23 17:02:51,914 INFO    Thread-18 :24548 [upload_job.py:push():138] Uploaded file C:\Users\Sevi\AppData\Local\Temp\tmpbgqfqhw3wandb\1cm2m3sd-media/table/status_2_3a68daab7fcf14b62662.table.json
2022-12-23 17:02:51,916 DEBUG   SenderThread:24548 [sender.py:send():236] send: stats
2022-12-23 17:02:51,916 DEBUG   SenderThread:24548 [sender.py:send():236] send: history
2022-12-23 17:02:51,916 DEBUG   SenderThread:24548 [sender.py:send():236] send: summary
2022-12-23 17:02:51,917 INFO    SenderThread:24548 [sender.py:_save_file():952] saving file wandb-summary.json with policy end
2022-12-23 17:02:51,917 DEBUG   SenderThread:24548 [sender.py:send():236] send: history
2022-12-23 17:02:51,917 DEBUG   SenderThread:24548 [sender.py:send():236] send: summary
2022-12-23 17:02:51,917 INFO    SenderThread:24548 [sender.py:_save_file():952] saving file wandb-summary.json with policy end
2022-12-23 17:02:51,917 DEBUG   SenderThread:24548 [sender.py:send():236] send: history
2022-12-23 17:02:51,917 DEBUG   SenderThread:24548 [sender.py:send():236] send: summary
2022-12-23 17:02:51,918 INFO    SenderThread:24548 [sender.py:_save_file():952] saving file wandb-summary.json with policy end
2022-12-23 17:02:51,918 DEBUG   SenderThread:24548 [sender.py:send():236] send: history
2022-12-23 17:02:51,918 DEBUG   SenderThread:24548 [sender.py:send():236] send: summary
2022-12-23 17:02:51,919 INFO    SenderThread:24548 [sender.py:_save_file():952] saving file wandb-summary.json with policy end
2022-12-23 17:02:51,919 DEBUG   SenderThread:24548 [sender.py:send():236] send: history
2022-12-23 17:02:51,919 DEBUG   SenderThread:24548 [sender.py:send():236] send: summary
2022-12-23 17:02:51,919 INFO    SenderThread:24548 [sender.py:_save_file():952] saving file wandb-summary.json with policy end
2022-12-23 17:02:51,920 DEBUG   SenderThread:24548 [sender.py:send():236] send: history
2022-12-23 17:02:51,920 DEBUG   SenderThread:24548 [sender.py:send():236] send: summary
2022-12-23 17:02:51,920 INFO    SenderThread:24548 [sender.py:_save_file():952] saving file wandb-summary.json with policy end
2022-12-23 17:02:51,920 DEBUG   SenderThread:24548 [sender.py:send():236] send: history
2022-12-23 17:02:51,920 DEBUG   SenderThread:24548 [sender.py:send():236] send: summary
2022-12-23 17:02:51,921 INFO    SenderThread:24548 [sender.py:_save_file():952] saving file wandb-summary.json with policy end
2022-12-23 17:02:51,921 DEBUG   SenderThread:24548 [sender.py:send():236] send: history
2022-12-23 17:02:51,921 DEBUG   SenderThread:24548 [sender.py:send():236] send: summary
2022-12-23 17:02:51,921 INFO    SenderThread:24548 [sender.py:_save_file():952] saving file wandb-summary.json with policy end
2022-12-23 17:02:51,921 DEBUG   SenderThread:24548 [sender.py:send_request():250] send_request: stop_status
2022-12-23 17:02:52,141 DEBUG   SenderThread:24548 [sender.py:send_request():250] send_request: log_artifact
2022-12-23 17:02:52,175 INFO    Thread-11 :24548 [dir_watcher.py:_on_file_modified():286] file/dir modified: F:\FYP\wandb\run-20221223_165855-g7riqggm\files\wandb-summary.json
2022-12-23 17:02:54,824 INFO    Thread-20 :24548 [upload_job.py:push():96] Uploaded file C:\Users\Sevi\.cache\wandb\artifacts\obj\md5\2d\b33bb4e907f817a56bfa86dac674b1
2022-12-23 17:02:55,805 INFO    SenderThread:24548 [sender.py:send_request_log_artifact():1009] logged artifact run-g7riqggm-status - {'id': 'QXJ0aWZhY3Q6MzAxNjA1Mzg4', 'digest': '24928ad13151c358f222f1000933d050', 'state': 'PENDING', 'aliases': [], 'artifactSequence': {'id': 'QXJ0aWZhY3RDb2xsZWN0aW9uOjQ4MDUzNTc1', 'latestArtifact': {'id': 'QXJ0aWZhY3Q6MzAxNjA1MzYy', 'versionIndex': 0}}, 'version': 'latest'}
2022-12-23 17:02:55,806 DEBUG   SenderThread:24548 [sender.py:send():236] send: files
2022-12-23 17:02:55,806 INFO    SenderThread:24548 [sender.py:_save_file():952] saving file media\table\status_33_f9bf21a458dd3605ad15.table.json with policy now
2022-12-23 17:02:55,806 DEBUG   SenderThread:24548 [sender.py:send():236] send: history
2022-12-23 17:02:55,806 DEBUG   SenderThread:24548 [sender.py:send():236] send: summary
2022-12-23 17:02:55,807 INFO    SenderThread:24548 [sender.py:_save_file():952] saving file wandb-summary.json with policy end
2022-12-23 17:02:55,807 DEBUG   SenderThread:24548 [sender.py:send():236] send: stats
2022-12-23 17:02:55,807 DEBUG   SenderThread:24548 [sender.py:send_request():250] send_request: stop_status
2022-12-23 17:02:56,224 INFO    Thread-11 :24548 [dir_watcher.py:_on_file_modified():286] file/dir modified: F:\FYP\wandb\run-20221223_165855-g7riqggm\files\wandb-summary.json
2022-12-23 17:02:56,268 DEBUG   SenderThread:24548 [sender.py:send_request():250] send_request: stop_status
2022-12-23 17:02:57,370 DEBUG   SenderThread:24548 [sender.py:send():236] send: stats
2022-12-23 17:02:57,535 DEBUG   HandlerThread:24548 [handler.py:handle_request():140] handle_request: stop_status
2022-12-23 17:02:57,535 DEBUG   SenderThread:24548 [sender.py:send_request():250] send_request: stop_status
2022-12-23 17:02:59,048 DEBUG   HandlerThread:24548 [handler.py:handle_request():140] handle_request: partial_history
2022-12-23 17:02:59,048 DEBUG   SenderThread:24548 [sender.py:send():236] send: history
2022-12-23 17:02:59,048 DEBUG   SenderThread:24548 [sender.py:send():236] send: summary
2022-12-23 17:02:59,049 DEBUG   HandlerThread:24548 [handler.py:handle_request():140] handle_request: partial_history
2022-12-23 17:02:59,049 INFO    SenderThread:24548 [sender.py:_save_file():952] saving file wandb-summary.json with policy end
2022-12-23 17:02:59,050 DEBUG   SenderThread:24548 [sender.py:send():236] send: history
2022-12-23 17:02:59,050 DEBUG   SenderThread:24548 [sender.py:send():236] send: summary
2022-12-23 17:02:59,050 INFO    SenderThread:24548 [sender.py:_save_file():952] saving file wandb-summary.json with policy end
2022-12-23 17:02:59,266 INFO    Thread-11 :24548 [dir_watcher.py:_on_file_modified():286] file/dir modified: F:\FYP\wandb\run-20221223_165855-g7riqggm\files\wandb-summary.json
2022-12-23 17:03:00,505 INFO    Thread-21 :24548 [upload_job.py:push():138] Uploaded file C:\Users\Sevi\AppData\Local\Temp\tmpbgqfqhw3wandb\2dy5fqak-media/table/status_33_f9bf21a458dd3605ad15.table.json
2022-12-23 17:03:01,282 INFO    Thread-11 :24548 [dir_watcher.py:_on_file_modified():286] file/dir modified: F:\FYP\wandb\run-20221223_165855-g7riqggm\files\output.log
2022-12-23 17:03:04,060 DEBUG   HandlerThread:24548 [handler.py:handle_request():140] handle_request: partial_history
2022-12-23 17:03:04,060 DEBUG   SenderThread:24548 [sender.py:send():236] send: history
2022-12-23 17:03:04,060 DEBUG   SenderThread:24548 [sender.py:send():236] send: summary
2022-12-23 17:03:04,060 DEBUG   HandlerThread:24548 [handler.py:handle_request():140] handle_request: partial_history
2022-12-23 17:03:04,061 INFO    SenderThread:24548 [sender.py:_save_file():952] saving file wandb-summary.json with policy end
2022-12-23 17:03:04,061 DEBUG   SenderThread:24548 [sender.py:send():236] send: history
2022-12-23 17:03:04,062 DEBUG   SenderThread:24548 [sender.py:send():236] send: summary
2022-12-23 17:03:04,062 INFO    SenderThread:24548 [sender.py:_save_file():952] saving file wandb-summary.json with policy end
2022-12-23 17:03:04,063 DEBUG   HandlerThread:24548 [handler.py:handle_request():140] handle_request: partial_history
2022-12-23 17:03:04,064 DEBUG   SenderThread:24548 [sender.py:send():236] send: history
2022-12-23 17:03:04,064 DEBUG   SenderThread:24548 [sender.py:send():236] send: summary
2022-12-23 17:03:04,064 DEBUG   HandlerThread:24548 [handler.py:handle_request():140] handle_request: partial_history
2022-12-23 17:03:04,065 INFO    SenderThread:24548 [sender.py:_save_file():952] saving file wandb-summary.json with policy end
2022-12-23 17:03:04,065 DEBUG   SenderThread:24548 [sender.py:send():236] send: history
2022-12-23 17:03:04,066 DEBUG   SenderThread:24548 [sender.py:send():236] send: summary
2022-12-23 17:03:04,066 INFO    SenderThread:24548 [sender.py:_save_file():952] saving file wandb-summary.json with policy end
2022-12-23 17:03:04,067 DEBUG   HandlerThread:24548 [handler.py:handle_request():140] handle_request: partial_history
2022-12-23 17:03:04,068 DEBUG   HandlerThread:24548 [handler.py:handle_request():140] handle_request: partial_history
2022-12-23 17:03:04,068 DEBUG   SenderThread:24548 [sender.py:send():236] send: history
2022-12-23 17:03:04,068 DEBUG   SenderThread:24548 [sender.py:send():236] send: summary
2022-12-23 17:03:04,069 INFO    SenderThread:24548 [sender.py:_save_file():952] saving file wandb-summary.json with policy end
2022-12-23 17:03:04,069 DEBUG   SenderThread:24548 [sender.py:send():236] send: history
2022-12-23 17:03:04,069 DEBUG   SenderThread:24548 [sender.py:send():236] send: summary
2022-12-23 17:03:04,070 INFO    SenderThread:24548 [sender.py:_save_file():952] saving file wandb-summary.json with policy end
2022-12-23 17:03:04,071 DEBUG   HandlerThread:24548 [handler.py:handle_request():140] handle_request: partial_history
2022-12-23 17:03:04,071 DEBUG   SenderThread:24548 [sender.py:send():236] send: history
2022-12-23 17:03:04,072 DEBUG   SenderThread:24548 [sender.py:send():236] send: summary
2022-12-23 17:03:04,072 DEBUG   HandlerThread:24548 [handler.py:handle_request():140] handle_request: partial_history
2022-12-23 17:03:04,073 INFO    SenderThread:24548 [sender.py:_save_file():952] saving file wandb-summary.json with policy end
2022-12-23 17:03:04,073 DEBUG   SenderThread:24548 [sender.py:send():236] send: history
2022-12-23 17:03:04,073 DEBUG   SenderThread:24548 [sender.py:send():236] send: summary
2022-12-23 17:03:04,073 INFO    SenderThread:24548 [sender.py:_save_file():952] saving file wandb-summary.json with policy end
2022-12-23 17:03:04,075 DEBUG   HandlerThread:24548 [handler.py:handle_request():140] handle_request: partial_history
2022-12-23 17:03:04,075 DEBUG   SenderThread:24548 [sender.py:send():236] send: history
2022-12-23 17:03:04,075 DEBUG   SenderThread:24548 [sender.py:send():236] send: summary
2022-12-23 17:03:04,076 DEBUG   HandlerThread:24548 [handler.py:handle_request():140] handle_request: partial_history
2022-12-23 17:03:04,076 INFO    SenderThread:24548 [sender.py:_save_file():952] saving file wandb-summary.json with policy end
2022-12-23 17:03:04,076 DEBUG   SenderThread:24548 [sender.py:send():236] send: history
2022-12-23 17:03:04,076 DEBUG   SenderThread:24548 [sender.py:send():236] send: summary
2022-12-23 17:03:04,077 INFO    SenderThread:24548 [sender.py:_save_file():952] saving file wandb-summary.json with policy end
2022-12-23 17:03:04,078 DEBUG   HandlerThread:24548 [handler.py:handle_request():140] handle_request: partial_history
2022-12-23 17:03:04,078 DEBUG   SenderThread:24548 [sender.py:send():236] send: history
2022-12-23 17:03:04,079 DEBUG   SenderThread:24548 [sender.py:send():236] send: summary
2022-12-23 17:03:04,079 DEBUG   HandlerThread:24548 [handler.py:handle_request():140] handle_request: partial_history
2022-12-23 17:03:04,079 INFO    SenderThread:24548 [sender.py:_save_file():952] saving file wandb-summary.json with policy end
2022-12-23 17:03:04,080 DEBUG   SenderThread:24548 [sender.py:send():236] send: history
2022-12-23 17:03:04,080 DEBUG   SenderThread:24548 [sender.py:send():236] send: summary
2022-12-23 17:03:04,080 INFO    SenderThread:24548 [sender.py:_save_file():952] saving file wandb-summary.json with policy end
2022-12-23 17:03:04,081 DEBUG   HandlerThread:24548 [handler.py:handle_request():140] handle_request: partial_history
2022-12-23 17:03:04,082 DEBUG   SenderThread:24548 [sender.py:send():236] send: history
2022-12-23 17:03:04,082 DEBUG   HandlerThread:24548 [handler.py:handle_request():140] handle_request: partial_history
2022-12-23 17:03:04,082 DEBUG   SenderThread:24548 [sender.py:send():236] send: summary
2022-12-23 17:03:04,083 INFO    SenderThread:24548 [sender.py:_save_file():952] saving file wandb-summary.json with policy end
2022-12-23 17:03:04,083 DEBUG   SenderThread:24548 [sender.py:send():236] send: history
2022-12-23 17:03:04,083 DEBUG   SenderThread:24548 [sender.py:send():236] send: summary
2022-12-23 17:03:04,083 INFO    SenderThread:24548 [sender.py:_save_file():952] saving file wandb-summary.json with policy end
2022-12-23 17:03:04,084 DEBUG   HandlerThread:24548 [handler.py:handle_request():140] handle_request: partial_history
2022-12-23 17:03:04,085 DEBUG   SenderThread:24548 [sender.py:send():236] send: history
2022-12-23 17:03:04,085 DEBUG   HandlerThread:24548 [handler.py:handle_request():140] handle_request: partial_history
2022-12-23 17:03:04,085 DEBUG   SenderThread:24548 [sender.py:send():236] send: summary
2022-12-23 17:03:04,086 INFO    SenderThread:24548 [sender.py:_save_file():952] saving file wandb-summary.json with policy end
2022-12-23 17:03:04,086 DEBUG   SenderThread:24548 [sender.py:send():236] send: history
2022-12-23 17:03:04,086 DEBUG   SenderThread:24548 [sender.py:send():236] send: summary
2022-12-23 17:03:04,086 INFO    SenderThread:24548 [sender.py:_save_file():952] saving file wandb-summary.json with policy end
2022-12-23 17:03:04,087 DEBUG   HandlerThread:24548 [handler.py:handle_request():140] handle_request: partial_history
2022-12-23 17:03:04,087 DEBUG   SenderThread:24548 [sender.py:send():236] send: history
2022-12-23 17:03:04,088 DEBUG   SenderThread:24548 [sender.py:send():236] send: summary
2022-12-23 17:03:04,088 DEBUG   HandlerThread:24548 [handler.py:handle_request():140] handle_request: partial_history
2022-12-23 17:03:04,088 INFO    SenderThread:24548 [sender.py:_save_file():952] saving file wandb-summary.json with policy end
2022-12-23 17:03:04,089 DEBUG   SenderThread:24548 [sender.py:send():236] send: history
2022-12-23 17:03:04,089 DEBUG   SenderThread:24548 [sender.py:send():236] send: summary
2022-12-23 17:03:04,089 INFO    SenderThread:24548 [sender.py:_save_file():952] saving file wandb-summary.json with policy end
2022-12-23 17:03:04,320 INFO    Thread-11 :24548 [dir_watcher.py:_on_file_modified():286] file/dir modified: F:\FYP\wandb\run-20221223_165855-g7riqggm\files\wandb-summary.json
2022-12-23 17:03:05,335 INFO    Thread-11 :24548 [dir_watcher.py:_on_file_modified():286] file/dir modified: F:\FYP\wandb\run-20221223_165855-g7riqggm\files\output.log
2022-12-23 17:03:13,465 DEBUG   HandlerThread:24548 [handler.py:handle_request():140] handle_request: stop_status
2022-12-23 17:03:13,465 DEBUG   SenderThread:24548 [sender.py:send_request():250] send_request: stop_status
2022-12-23 17:03:14,140 DEBUG   HandlerThread:24548 [handler.py:handle_request():140] handle_request: partial_history
2022-12-23 17:03:14,141 DEBUG   HandlerThread:24548 [handler.py:handle_request():140] handle_request: partial_history
2022-12-23 17:03:15,440 INFO    Thread-11 :24548 [dir_watcher.py:_on_file_modified():286] file/dir modified: F:\FYP\wandb\run-20221223_165855-g7riqggm\files\output.log
2022-12-23 17:03:26,223 DEBUG   SenderThread:24548 [sender.py:send():236] send: history
2022-12-23 17:03:26,223 DEBUG   SenderThread:24548 [sender.py:send():236] send: summary
2022-12-23 17:03:26,223 INFO    SenderThread:24548 [sender.py:_save_file():952] saving file wandb-summary.json with policy end
2022-12-23 17:03:26,224 DEBUG   SenderThread:24548 [sender.py:send():236] send: history
2022-12-23 17:03:26,224 DEBUG   SenderThread:24548 [sender.py:send():236] send: summary
2022-12-23 17:03:26,224 INFO    SenderThread:24548 [sender.py:_save_file():952] saving file wandb-summary.json with policy end
2022-12-23 17:03:26,224 DEBUG   SenderThread:24548 [sender.py:send():236] send: stats
2022-12-23 17:03:26,534 INFO    Thread-11 :24548 [dir_watcher.py:_on_file_modified():286] file/dir modified: F:\FYP\wandb\run-20221223_165855-g7riqggm\files\wandb-summary.json
2022-12-23 17:03:27,541 INFO    Thread-11 :24548 [dir_watcher.py:_on_file_modified():286] file/dir modified: F:\FYP\wandb\run-20221223_165855-g7riqggm\files\output.log
2022-12-23 17:03:32,038 DEBUG   HandlerThread:24548 [handler.py:handle_request():140] handle_request: log_artifact
2022-12-23 17:03:32,039 DEBUG   SenderThread:24548 [sender.py:send_request():250] send_request: log_artifact
2022-12-23 17:03:32,058 DEBUG   HandlerThread:24548 [handler.py:handle_request():140] handle_request: partial_history
2022-12-23 17:03:32,069 DEBUG   HandlerThread:24548 [handler.py:handle_request():140] handle_request: partial_history
2022-12-23 17:03:32,069 DEBUG   HandlerThread:24548 [handler.py:handle_request():140] handle_request: partial_history
2022-12-23 17:03:32,077 DEBUG   HandlerThread:24548 [handler.py:handle_request():140] handle_request: partial_history
2022-12-23 17:03:32,078 DEBUG   HandlerThread:24548 [handler.py:handle_request():140] handle_request: partial_history
2022-12-23 17:03:32,085 DEBUG   HandlerThread:24548 [handler.py:handle_request():140] handle_request: partial_history
2022-12-23 17:03:32,086 DEBUG   HandlerThread:24548 [handler.py:handle_request():140] handle_request: partial_history
2022-12-23 17:03:32,094 DEBUG   HandlerThread:24548 [handler.py:handle_request():140] handle_request: partial_history
2022-12-23 17:03:32,095 DEBUG   HandlerThread:24548 [handler.py:handle_request():140] handle_request: partial_history
2022-12-23 17:03:32,585 INFO    Thread-11 :24548 [dir_watcher.py:_on_file_modified():286] file/dir modified: F:\FYP\wandb\run-20221223_165855-g7riqggm\files\output.log
2022-12-23 17:03:32,585 INFO    Thread-11 :24548 [dir_watcher.py:_on_file_created():269] file/dir created: F:\FYP\wandb\run-20221223_165855-g7riqggm\files\media\table\status_56_b0d8daca4fcadc316281.table.json
2022-12-23 17:03:32,585 INFO    Thread-11 :24548 [dir_watcher.py:_on_file_modified():286] file/dir modified: F:\FYP\wandb\run-20221223_165855-g7riqggm\files\media\table
2022-12-23 17:03:33,478 DEBUG   HandlerThread:24548 [handler.py:handle_request():140] handle_request: stop_status
2022-12-23 17:03:37,184 DEBUG   HandlerThread:24548 [handler.py:handle_request():140] handle_request: partial_history
2022-12-23 17:03:37,185 DEBUG   HandlerThread:24548 [handler.py:handle_request():140] handle_request: partial_history
2022-12-23 17:03:38,643 INFO    Thread-11 :24548 [dir_watcher.py:_on_file_modified():286] file/dir modified: F:\FYP\wandb\run-20221223_165855-g7riqggm\files\output.log
2022-12-23 17:03:42,192 DEBUG   HandlerThread:24548 [handler.py:handle_request():140] handle_request: partial_history
2022-12-23 17:03:42,193 DEBUG   HandlerThread:24548 [handler.py:handle_request():140] handle_request: partial_history
2022-12-23 17:03:44,710 INFO    Thread-11 :24548 [dir_watcher.py:_on_file_modified():286] file/dir modified: F:\FYP\wandb\run-20221223_165855-g7riqggm\files\output.log
2022-12-23 17:03:53,492 DEBUG   HandlerThread:24548 [handler.py:handle_request():140] handle_request: stop_status
2022-12-23 17:04:07,288 DEBUG   HandlerThread:24548 [handler.py:handle_request():140] handle_request: partial_history
2022-12-23 17:04:07,288 DEBUG   HandlerThread:24548 [handler.py:handle_request():140] handle_request: partial_history
2022-12-23 17:04:07,291 DEBUG   HandlerThread:24548 [handler.py:handle_request():140] handle_request: partial_history
2022-12-23 17:04:07,292 DEBUG   HandlerThread:24548 [handler.py:handle_request():140] handle_request: partial_history
2022-12-23 17:04:07,295 DEBUG   HandlerThread:24548 [handler.py:handle_request():140] handle_request: partial_history
2022-12-23 17:04:07,295 DEBUG   HandlerThread:24548 [handler.py:handle_request():140] handle_request: partial_history
2022-12-23 17:04:08,252 ERROR   SenderThread:24548 [retry.py:__call__():132] Retry attempt failed:
Traceback (most recent call last):
  File "C:\ProgramData\Anaconda3\envs\FYP\lib\site-packages\urllib3\connectionpool.py", line 386, in _make_request
    self._validate_conn(conn)
  File "C:\ProgramData\Anaconda3\envs\FYP\lib\site-packages\urllib3\connectionpool.py", line 1042, in _validate_conn
    conn.connect()
  File "C:\ProgramData\Anaconda3\envs\FYP\lib\site-packages\urllib3\connection.py", line 414, in connect
    self.sock = ssl_wrap_socket(
  File "C:\ProgramData\Anaconda3\envs\FYP\lib\site-packages\urllib3\util\ssl_.py", line 449, in ssl_wrap_socket
    ssl_sock = _ssl_wrap_socket_impl(
  File "C:\ProgramData\Anaconda3\envs\FYP\lib\site-packages\urllib3\util\ssl_.py", line 493, in _ssl_wrap_socket_impl
    return ssl_context.wrap_socket(sock, server_hostname=server_hostname)
  File "C:\ProgramData\Anaconda3\envs\FYP\lib\ssl.py", line 513, in wrap_socket
    return self.sslsocket_class._create(
  File "C:\ProgramData\Anaconda3\envs\FYP\lib\ssl.py", line 1071, in _create
    self.do_handshake()
  File "C:\ProgramData\Anaconda3\envs\FYP\lib\ssl.py", line 1342, in do_handshake
    self._sslobj.do_handshake()
TimeoutError: _ssl.c:980: The handshake operation timed out

During handling of the above exception, another exception occurred:

Traceback (most recent call last):
  File "C:\ProgramData\Anaconda3\envs\FYP\lib\site-packages\requests\adapters.py", line 489, in send
    resp = conn.urlopen(
  File "C:\ProgramData\Anaconda3\envs\FYP\lib\site-packages\urllib3\connectionpool.py", line 787, in urlopen
    retries = retries.increment(
  File "C:\ProgramData\Anaconda3\envs\FYP\lib\site-packages\urllib3\util\retry.py", line 550, in increment
    raise six.reraise(type(error), error, _stacktrace)
  File "C:\ProgramData\Anaconda3\envs\FYP\lib\site-packages\urllib3\packages\six.py", line 770, in reraise
    raise value
  File "C:\ProgramData\Anaconda3\envs\FYP\lib\site-packages\urllib3\connectionpool.py", line 703, in urlopen
    httplib_response = self._make_request(
  File "C:\ProgramData\Anaconda3\envs\FYP\lib\site-packages\urllib3\connectionpool.py", line 389, in _make_request
    self._raise_timeout(err=e, url=url, timeout_value=conn.timeout)
  File "C:\ProgramData\Anaconda3\envs\FYP\lib\site-packages\urllib3\connectionpool.py", line 340, in _raise_timeout
    raise ReadTimeoutError(
urllib3.exceptions.ReadTimeoutError: HTTPSConnectionPool(host='api.wandb.ai', port=443): Read timed out. (read timeout=10)

During handling of the above exception, another exception occurred:

Traceback (most recent call last):
  File "C:\ProgramData\Anaconda3\envs\FYP\lib\site-packages\wandb\sdk\lib\retry.py", line 108, in __call__
    result = self._call_fn(*args, **kwargs)
  File "C:\ProgramData\Anaconda3\envs\FYP\lib\site-packages\wandb\sdk\internal\internal_api.py", line 158, in execute
    return self.client.execute(*args, **kwargs)
  File "C:\ProgramData\Anaconda3\envs\FYP\lib\site-packages\wandb\vendor\gql-0.2.0\wandb_gql\client.py", line 52, in execute
    result = self._get_result(document, *args, **kwargs)
  File "C:\ProgramData\Anaconda3\envs\FYP\lib\site-packages\wandb\vendor\gql-0.2.0\wandb_gql\client.py", line 60, in _get_result
    return self.transport.execute(document, *args, **kwargs)
  File "C:\ProgramData\Anaconda3\envs\FYP\lib\site-packages\wandb\vendor\gql-0.2.0\wandb_gql\transport\requests.py", line 38, in execute
    request = requests.post(self.url, **post_args)
  File "C:\ProgramData\Anaconda3\envs\FYP\lib\site-packages\requests\api.py", line 115, in post
    return request("post", url, data=data, json=json, **kwargs)
  File "C:\ProgramData\Anaconda3\envs\FYP\lib\site-packages\requests\api.py", line 59, in request
    return session.request(method=method, url=url, **kwargs)
  File "C:\ProgramData\Anaconda3\envs\FYP\lib\site-packages\requests\sessions.py", line 587, in request
    resp = self.send(prep, **send_kwargs)
  File "C:\ProgramData\Anaconda3\envs\FYP\lib\site-packages\requests\sessions.py", line 701, in send
    r = adapter.send(request, **kwargs)
  File "C:\ProgramData\Anaconda3\envs\FYP\lib\site-packages\requests\adapters.py", line 578, in send
    raise ReadTimeout(e, request=request)
requests.exceptions.ReadTimeout: HTTPSConnectionPool(host='api.wandb.ai', port=443): Read timed out. (read timeout=10)
2022-12-23 17:04:08,980 INFO    Thread-11 :24548 [dir_watcher.py:_on_file_modified():286] file/dir modified: F:\FYP\wandb\run-20221223_165855-g7riqggm\files\output.log
2022-12-23 17:04:13,510 DEBUG   HandlerThread:24548 [handler.py:handle_request():140] handle_request: stop_status
2022-12-23 17:04:17,456 DEBUG   HandlerThread:24548 [handler.py:handle_request():140] handle_request: partial_history
2022-12-23 17:04:17,457 DEBUG   HandlerThread:24548 [handler.py:handle_request():140] handle_request: partial_history
2022-12-23 17:04:17,460 DEBUG   HandlerThread:24548 [handler.py:handle_request():140] handle_request: partial_history
2022-12-23 17:04:17,460 DEBUG   HandlerThread:24548 [handler.py:handle_request():140] handle_request: partial_history
2022-12-23 17:04:17,464 DEBUG   HandlerThread:24548 [handler.py:handle_request():140] handle_request: partial_history
2022-12-23 17:04:17,465 DEBUG   HandlerThread:24548 [handler.py:handle_request():140] handle_request: partial_history
2022-12-23 17:04:19,088 INFO    Thread-11 :24548 [dir_watcher.py:_on_file_modified():286] file/dir modified: F:\FYP\wandb\run-20221223_165855-g7riqggm\files\output.log
2022-12-23 17:04:22,488 DEBUG   HandlerThread:24548 [handler.py:handle_request():140] handle_request: partial_history
2022-12-23 17:04:22,489 DEBUG   HandlerThread:24548 [handler.py:handle_request():140] handle_request: partial_history
2022-12-23 17:04:22,493 DEBUG   HandlerThread:24548 [handler.py:handle_request():140] handle_request: partial_history
2022-12-23 17:04:22,493 DEBUG   HandlerThread:24548 [handler.py:handle_request():140] handle_request: partial_history
2022-12-23 17:04:23,135 INFO    Thread-11 :24548 [dir_watcher.py:_on_file_modified():286] file/dir modified: F:\FYP\wandb\run-20221223_165855-g7riqggm\files\output.log
2022-12-23 17:04:27,516 DEBUG   HandlerThread:24548 [handler.py:handle_request():140] handle_request: partial_history
2022-12-23 17:04:27,517 DEBUG   HandlerThread:24548 [handler.py:handle_request():140] handle_request: partial_history
2022-12-23 17:04:29,206 INFO    Thread-11 :24548 [dir_watcher.py:_on_file_modified():286] file/dir modified: F:\FYP\wandb\run-20221223_165855-g7riqggm\files\output.log
2022-12-23 17:04:33,515 DEBUG   HandlerThread:24548 [handler.py:handle_request():140] handle_request: stop_status
2022-12-23 17:04:37,603 DEBUG   HandlerThread:24548 [handler.py:handle_request():140] handle_request: partial_history
2022-12-23 17:04:37,604 DEBUG   HandlerThread:24548 [handler.py:handle_request():140] handle_request: partial_history
2022-12-23 17:04:39,329 INFO    Thread-11 :24548 [dir_watcher.py:_on_file_modified():286] file/dir modified: F:\FYP\wandb\run-20221223_165855-g7riqggm\files\output.log
2022-12-23 17:04:49,450 INFO    Thread-11 :24548 [dir_watcher.py:_on_file_modified():286] file/dir modified: F:\FYP\wandb\run-20221223_165855-g7riqggm\files\output.log
2022-12-23 17:04:53,541 DEBUG   HandlerThread:24548 [handler.py:handle_request():140] handle_request: stop_status
2022-12-23 17:05:09,011 DEBUG   HandlerThread:24548 [handler.py:handle_request():140] handle_request: log_artifact
2022-12-23 17:05:09,024 DEBUG   HandlerThread:24548 [handler.py:handle_request():140] handle_request: partial_history
2022-12-23 17:05:09,665 INFO    Thread-11 :24548 [dir_watcher.py:_on_file_created():269] file/dir created: F:\FYP\wandb\run-20221223_165855-g7riqggm\files\media\table\status_89_c906ef715fafd4c7b05c.table.json
2022-12-23 17:05:09,666 INFO    Thread-11 :24548 [dir_watcher.py:_on_file_modified():286] file/dir modified: F:\FYP\wandb\run-20221223_165855-g7riqggm\files\media\table
2022-12-23 17:05:11,691 INFO    Thread-11 :24548 [dir_watcher.py:_on_file_modified():286] file/dir modified: F:\FYP\wandb\run-20221223_165855-g7riqggm\files\output.log
2022-12-23 17:05:13,548 DEBUG   HandlerThread:24548 [handler.py:handle_request():140] handle_request: stop_status
2022-12-23 17:05:14,049 DEBUG   HandlerThread:24548 [handler.py:handle_request():140] handle_request: partial_history
2022-12-23 17:05:14,049 DEBUG   HandlerThread:24548 [handler.py:handle_request():140] handle_request: partial_history
2022-12-23 17:05:14,052 DEBUG   HandlerThread:24548 [handler.py:handle_request():140] handle_request: partial_history
2022-12-23 17:05:14,053 DEBUG   HandlerThread:24548 [handler.py:handle_request():140] handle_request: partial_history
2022-12-23 17:05:14,055 DEBUG   HandlerThread:24548 [handler.py:handle_request():140] handle_request: partial_history
2022-12-23 17:05:14,055 DEBUG   HandlerThread:24548 [handler.py:handle_request():140] handle_request: partial_history
2022-12-23 17:05:15,730 INFO    Thread-11 :24548 [dir_watcher.py:_on_file_modified():286] file/dir modified: F:\FYP\wandb\run-20221223_165855-g7riqggm\files\output.log
2022-12-23 17:05:19,674 INFO    Thread-23 :24548 [upload_job.py:push():96] Uploaded file C:\Users\Sevi\.cache\wandb\artifacts\obj\md5\87\1e994866fe1ab734dea50c10e429ed
2022-12-23 17:05:32,526 INFO    SenderThread:24548 [sender.py:send_request_log_artifact():1009] logged artifact run-g7riqggm-status - {'id': 'QXJ0aWZhY3Q6MzAxNjA1NjY2', 'digest': 'f9e5765aa3d64c0ebf6124a51592815a', 'state': 'PENDING', 'aliases': [], 'artifactSequence': {'id': 'QXJ0aWZhY3RDb2xsZWN0aW9uOjQ4MDUzNTc1', 'latestArtifact': {'id': 'QXJ0aWZhY3Q6MzAxNjA1Mzg4', 'versionIndex': 1}}, 'version': 'latest'}
2022-12-23 17:05:32,526 DEBUG   SenderThread:24548 [sender.py:send():236] send: files
2022-12-23 17:05:32,526 INFO    SenderThread:24548 [sender.py:_save_file():952] saving file media\table\status_56_b0d8daca4fcadc316281.table.json with policy now
2022-12-23 17:05:32,527 DEBUG   SenderThread:24548 [sender.py:send():236] send: history
2022-12-23 17:05:32,527 DEBUG   SenderThread:24548 [sender.py:send():236] send: summary
2022-12-23 17:05:32,527 INFO    SenderThread:24548 [sender.py:_save_file():952] saving file wandb-summary.json with policy end
2022-12-23 17:05:32,528 DEBUG   SenderThread:24548 [sender.py:send():236] send: history
2022-12-23 17:05:32,528 DEBUG   SenderThread:24548 [sender.py:send():236] send: summary
2022-12-23 17:05:32,528 INFO    SenderThread:24548 [sender.py:_save_file():952] saving file wandb-summary.json with policy end
2022-12-23 17:05:32,529 DEBUG   SenderThread:24548 [sender.py:send():236] send: history
2022-12-23 17:05:32,529 DEBUG   SenderThread:24548 [sender.py:send():236] send: summary
2022-12-23 17:05:32,529 INFO    SenderThread:24548 [sender.py:_save_file():952] saving file wandb-summary.json with policy end
2022-12-23 17:05:32,529 DEBUG   SenderThread:24548 [sender.py:send():236] send: history
2022-12-23 17:05:32,530 DEBUG   SenderThread:24548 [sender.py:send():236] send: summary
2022-12-23 17:05:32,530 INFO    SenderThread:24548 [sender.py:_save_file():952] saving file wandb-summary.json with policy end
2022-12-23 17:05:32,530 DEBUG   SenderThread:24548 [sender.py:send():236] send: history
2022-12-23 17:05:32,531 DEBUG   SenderThread:24548 [sender.py:send():236] send: summary
2022-12-23 17:05:32,531 INFO    SenderThread:24548 [sender.py:_save_file():952] saving file wandb-summary.json with policy end
2022-12-23 17:05:32,531 DEBUG   SenderThread:24548 [sender.py:send():236] send: history
2022-12-23 17:05:32,532 DEBUG   SenderThread:24548 [sender.py:send():236] send: summary
2022-12-23 17:05:32,532 INFO    SenderThread:24548 [sender.py:_save_file():952] saving file wandb-summary.json with policy end
2022-12-23 17:05:32,532 DEBUG   SenderThread:24548 [sender.py:send():236] send: history
2022-12-23 17:05:32,533 DEBUG   SenderThread:24548 [sender.py:send():236] send: summary
2022-12-23 17:05:32,533 INFO    SenderThread:24548 [sender.py:_save_file():952] saving file wandb-summary.json with policy end
2022-12-23 17:05:32,533 DEBUG   SenderThread:24548 [sender.py:send():236] send: history
2022-12-23 17:05:32,533 DEBUG   SenderThread:24548 [sender.py:send():236] send: summary
2022-12-23 17:05:32,535 INFO    SenderThread:24548 [sender.py:_save_file():952] saving file wandb-summary.json with policy end
2022-12-23 17:05:32,535 DEBUG   SenderThread:24548 [sender.py:send():236] send: history
2022-12-23 17:05:32,536 DEBUG   SenderThread:24548 [sender.py:send():236] send: summary
2022-12-23 17:05:32,536 INFO    SenderThread:24548 [sender.py:_save_file():952] saving file wandb-summary.json with policy end
2022-12-23 17:05:32,536 DEBUG   SenderThread:24548 [sender.py:send_request():250] send_request: stop_status
2022-12-23 17:05:32,762 DEBUG   SenderThread:24548 [sender.py:send():236] send: history
2022-12-23 17:05:32,763 DEBUG   SenderThread:24548 [sender.py:send():236] send: summary
2022-12-23 17:05:32,763 INFO    SenderThread:24548 [sender.py:_save_file():952] saving file wandb-summary.json with policy end
2022-12-23 17:05:32,763 DEBUG   SenderThread:24548 [sender.py:send():236] send: history
2022-12-23 17:05:32,763 DEBUG   SenderThread:24548 [sender.py:send():236] send: summary
2022-12-23 17:05:32,764 INFO    SenderThread:24548 [sender.py:_save_file():952] saving file wandb-summary.json with policy end
2022-12-23 17:05:32,764 DEBUG   SenderThread:24548 [sender.py:send():236] send: history
2022-12-23 17:05:32,764 DEBUG   SenderThread:24548 [sender.py:send():236] send: summary
2022-12-23 17:05:32,764 INFO    SenderThread:24548 [sender.py:_save_file():952] saving file wandb-summary.json with policy end
2022-12-23 17:05:32,765 DEBUG   SenderThread:24548 [sender.py:send():236] send: history
2022-12-23 17:05:32,765 DEBUG   SenderThread:24548 [sender.py:send():236] send: summary
2022-12-23 17:05:32,765 INFO    SenderThread:24548 [sender.py:_save_file():952] saving file wandb-summary.json with policy end
2022-12-23 17:05:32,766 DEBUG   SenderThread:24548 [sender.py:send_request():250] send_request: stop_status
2022-12-23 17:05:32,921 INFO    Thread-11 :24548 [dir_watcher.py:_on_file_modified():286] file/dir modified: F:\FYP\wandb\run-20221223_165855-g7riqggm\files\wandb-summary.json
2022-12-23 17:05:32,993 DEBUG   SenderThread:24548 [sender.py:send():236] send: stats
2022-12-23 17:05:32,994 DEBUG   SenderThread:24548 [sender.py:send():236] send: history
2022-12-23 17:05:32,994 DEBUG   SenderThread:24548 [sender.py:send():236] send: summary
2022-12-23 17:05:32,994 INFO    SenderThread:24548 [sender.py:_save_file():952] saving file wandb-summary.json with policy end
2022-12-23 17:05:32,994 DEBUG   SenderThread:24548 [sender.py:send():236] send: history
2022-12-23 17:05:32,995 DEBUG   SenderThread:24548 [sender.py:send():236] send: summary
2022-12-23 17:05:32,995 INFO    SenderThread:24548 [sender.py:_save_file():952] saving file wandb-summary.json with policy end
2022-12-23 17:05:32,995 DEBUG   SenderThread:24548 [sender.py:send():236] send: history
2022-12-23 17:05:32,995 DEBUG   SenderThread:24548 [sender.py:send():236] send: summary
2022-12-23 17:05:32,995 INFO    SenderThread:24548 [sender.py:_save_file():952] saving file wandb-summary.json with policy end
2022-12-23 17:05:32,996 DEBUG   SenderThread:24548 [sender.py:send():236] send: history
2022-12-23 17:05:32,996 DEBUG   SenderThread:24548 [sender.py:send():236] send: summary
2022-12-23 17:05:32,996 INFO    SenderThread:24548 [sender.py:_save_file():952] saving file wandb-summary.json with policy end
2022-12-23 17:05:32,996 DEBUG   SenderThread:24548 [sender.py:send():236] send: history
2022-12-23 17:05:32,996 DEBUG   SenderThread:24548 [sender.py:send():236] send: summary
2022-12-23 17:05:32,996 INFO    SenderThread:24548 [sender.py:_save_file():952] saving file wandb-summary.json with policy end
2022-12-23 17:05:32,997 DEBUG   SenderThread:24548 [sender.py:send():236] send: history
2022-12-23 17:05:32,997 DEBUG   SenderThread:24548 [sender.py:send():236] send: summary
2022-12-23 17:05:32,997 INFO    SenderThread:24548 [sender.py:_save_file():952] saving file wandb-summary.json with policy end
2022-12-23 17:05:32,997 DEBUG   SenderThread:24548 [sender.py:send_request():250] send_request: stop_status
2022-12-23 17:05:33,108 INFO    Thread-24 :24548 [upload_job.py:push():138] Uploaded file C:\Users\Sevi\AppData\Local\Temp\tmpbgqfqhw3wandb\301qyjw5-media/table/status_56_b0d8daca4fcadc316281.table.json
2022-12-23 17:05:33,230 DEBUG   SenderThread:24548 [sender.py:send():236] send: history
2022-12-23 17:05:33,230 DEBUG   SenderThread:24548 [sender.py:send():236] send: summary
2022-12-23 17:05:33,230 INFO    SenderThread:24548 [sender.py:_save_file():952] saving file wandb-summary.json with policy end
2022-12-23 17:05:33,231 DEBUG   SenderThread:24548 [sender.py:send():236] send: history
2022-12-23 17:05:33,231 DEBUG   SenderThread:24548 [sender.py:send():236] send: summary
2022-12-23 17:05:33,231 INFO    SenderThread:24548 [sender.py:_save_file():952] saving file wandb-summary.json with policy end
2022-12-23 17:05:33,231 DEBUG   SenderThread:24548 [sender.py:send():236] send: history
2022-12-23 17:05:33,232 DEBUG   SenderThread:24548 [sender.py:send():236] send: summary
2022-12-23 17:05:33,232 INFO    SenderThread:24548 [sender.py:_save_file():952] saving file wandb-summary.json with policy end
2022-12-23 17:05:33,232 DEBUG   SenderThread:24548 [sender.py:send():236] send: history
2022-12-23 17:05:33,232 DEBUG   SenderThread:24548 [sender.py:send():236] send: summary
2022-12-23 17:05:33,233 INFO    SenderThread:24548 [sender.py:_save_file():952] saving file wandb-summary.json with policy end
2022-12-23 17:05:33,233 DEBUG   SenderThread:24548 [sender.py:send():236] send: history
2022-12-23 17:05:33,233 DEBUG   SenderThread:24548 [sender.py:send():236] send: summary
2022-12-23 17:05:33,233 INFO    SenderThread:24548 [sender.py:_save_file():952] saving file wandb-summary.json with policy end
2022-12-23 17:05:33,233 DEBUG   SenderThread:24548 [sender.py:send():236] send: history
2022-12-23 17:05:33,233 DEBUG   SenderThread:24548 [sender.py:send():236] send: summary
2022-12-23 17:05:33,234 INFO    SenderThread:24548 [sender.py:_save_file():952] saving file wandb-summary.json with policy end
2022-12-23 17:05:33,234 DEBUG   SenderThread:24548 [sender.py:send():236] send: history
2022-12-23 17:05:33,234 DEBUG   SenderThread:24548 [sender.py:send():236] send: summary
2022-12-23 17:05:33,234 INFO    SenderThread:24548 [sender.py:_save_file():952] saving file wandb-summary.json with policy end
2022-12-23 17:05:33,235 DEBUG   SenderThread:24548 [sender.py:send():236] send: history
2022-12-23 17:05:33,235 DEBUG   SenderThread:24548 [sender.py:send():236] send: summary
2022-12-23 17:05:33,235 INFO    SenderThread:24548 [sender.py:_save_file():952] saving file wandb-summary.json with policy end
2022-12-23 17:05:33,235 DEBUG   SenderThread:24548 [sender.py:send():236] send: history
2022-12-23 17:05:33,235 DEBUG   SenderThread:24548 [sender.py:send():236] send: summary
2022-12-23 17:05:33,236 INFO    SenderThread:24548 [sender.py:_save_file():952] saving file wandb-summary.json with policy end
2022-12-23 17:05:33,236 DEBUG   SenderThread:24548 [sender.py:send():236] send: history
2022-12-23 17:05:33,236 DEBUG   SenderThread:24548 [sender.py:send():236] send: summary
2022-12-23 17:05:33,236 INFO    SenderThread:24548 [sender.py:_save_file():952] saving file wandb-summary.json with policy end
2022-12-23 17:05:33,236 DEBUG   SenderThread:24548 [sender.py:send():236] send: history
2022-12-23 17:05:33,237 DEBUG   SenderThread:24548 [sender.py:send():236] send: summary
2022-12-23 17:05:33,237 INFO    SenderThread:24548 [sender.py:_save_file():952] saving file wandb-summary.json with policy end
2022-12-23 17:05:33,237 DEBUG   SenderThread:24548 [sender.py:send():236] send: history
2022-12-23 17:05:33,237 DEBUG   SenderThread:24548 [sender.py:send():236] send: summary
2022-12-23 17:05:33,237 INFO    SenderThread:24548 [sender.py:_save_file():952] saving file wandb-summary.json with policy end
2022-12-23 17:05:33,238 DEBUG   SenderThread:24548 [sender.py:send():236] send: stats
2022-12-23 17:05:33,238 DEBUG   SenderThread:24548 [sender.py:send_request():250] send_request: stop_status
2022-12-23 17:05:33,469 DEBUG   SenderThread:24548 [sender.py:send():236] send: history
2022-12-23 17:05:33,469 DEBUG   SenderThread:24548 [sender.py:send():236] send: summary
2022-12-23 17:05:33,470 INFO    SenderThread:24548 [sender.py:_save_file():952] saving file wandb-summary.json with policy end
2022-12-23 17:05:33,470 DEBUG   SenderThread:24548 [sender.py:send():236] send: history
2022-12-23 17:05:33,470 DEBUG   SenderThread:24548 [sender.py:send():236] send: summary
2022-12-23 17:05:33,471 INFO    SenderThread:24548 [sender.py:_save_file():952] saving file wandb-summary.json with policy end
2022-12-23 17:05:33,471 DEBUG   SenderThread:24548 [sender.py:send_request():250] send_request: stop_status
2022-12-23 17:05:33,556 DEBUG   HandlerThread:24548 [handler.py:handle_request():140] handle_request: stop_status
2022-12-23 17:05:33,685 DEBUG   SenderThread:24548 [sender.py:send():236] send: stats
2022-12-23 17:05:33,685 DEBUG   SenderThread:24548 [sender.py:send_request():250] send_request: log_artifact
2022-12-23 17:05:33,935 INFO    Thread-11 :24548 [dir_watcher.py:_on_file_modified():286] file/dir modified: F:\FYP\wandb\run-20221223_165855-g7riqggm\files\wandb-summary.json
2022-12-23 17:05:36,432 INFO    Thread-26 :24548 [upload_job.py:push():96] Uploaded file C:\Users\Sevi\.cache\wandb\artifacts\obj\md5\71\9964cd69a63cad769cd3333e5040dd
2022-12-23 17:05:43,661 WARNING MainThread:24548 [internal.py:wandb_internal():153] Internal process interrupt: 1
2022-12-23 17:05:43,903 INFO    SenderThread:24548 [sender.py:send_request_log_artifact():1009] logged artifact run-g7riqggm-status - {'id': 'QXJ0aWZhY3Q6MzAxNjA1OTYy', 'digest': '5f640fc8c1009cc988c0753b6bb2cfe4', 'state': 'PENDING', 'aliases': [], 'artifactSequence': {'id': 'QXJ0aWZhY3RDb2xsZWN0aW9uOjQ4MDUzNTc1', 'latestArtifact': {'id': 'QXJ0aWZhY3Q6MzAxNjA1NjY2', 'versionIndex': 2}}, 'version': 'latest'}
2022-12-23 17:05:43,903 DEBUG   SenderThread:24548 [sender.py:send():236] send: files
2022-12-23 17:05:43,903 INFO    SenderThread:24548 [sender.py:_save_file():952] saving file media\table\status_89_c906ef715fafd4c7b05c.table.json with policy now
2022-12-23 17:05:43,904 DEBUG   SenderThread:24548 [sender.py:send():236] send: history
2022-12-23 17:05:43,904 DEBUG   SenderThread:24548 [sender.py:send():236] send: summary
2022-12-23 17:05:43,905 INFO    SenderThread:24548 [sender.py:_save_file():952] saving file wandb-summary.json with policy end
2022-12-23 17:05:43,905 DEBUG   SenderThread:24548 [sender.py:send_request():250] send_request: stop_status
2022-12-23 17:05:44,026 INFO    Thread-11 :24548 [dir_watcher.py:_on_file_modified():286] file/dir modified: F:\FYP\wandb\run-20221223_165855-g7riqggm\files\wandb-summary.json
2022-12-23 17:05:47,519 INFO    Thread-27 :24548 [upload_job.py:push():138] Uploaded file C:\Users\Sevi\AppData\Local\Temp\tmpbgqfqhw3wandb\25pfwezm-media/table/status_89_c906ef715fafd4c7b05c.table.json
2022-12-23 17:05:50,164 DEBUG   SenderThread:24548 [sender.py:send():236] send: history
2022-12-23 17:05:50,165 DEBUG   SenderThread:24548 [sender.py:send():236] send: summary
2022-12-23 17:05:50,165 INFO    SenderThread:24548 [sender.py:_save_file():952] saving file wandb-summary.json with policy end
2022-12-23 17:05:50,165 DEBUG   SenderThread:24548 [sender.py:send():236] send: history
2022-12-23 17:05:50,166 DEBUG   SenderThread:24548 [sender.py:send():236] send: summary
2022-12-23 17:05:50,166 INFO    SenderThread:24548 [sender.py:_save_file():952] saving file wandb-summary.json with policy end
2022-12-23 17:05:50,166 DEBUG   SenderThread:24548 [sender.py:send():236] send: history
2022-12-23 17:05:50,166 DEBUG   SenderThread:24548 [sender.py:send():236] send: summary
2022-12-23 17:05:50,167 INFO    SenderThread:24548 [sender.py:_save_file():952] saving file wandb-summary.json with policy end
2022-12-23 17:05:50,167 DEBUG   SenderThread:24548 [sender.py:send():236] send: history
2022-12-23 17:05:50,167 DEBUG   SenderThread:24548 [sender.py:send():236] send: summary
2022-12-23 17:05:50,167 INFO    SenderThread:24548 [sender.py:_save_file():952] saving file wandb-summary.json with policy end
2022-12-23 17:05:50,168 DEBUG   SenderThread:24548 [sender.py:send():236] send: history
2022-12-23 17:05:50,168 DEBUG   SenderThread:24548 [sender.py:send():236] send: summary
2022-12-23 17:05:50,168 INFO    SenderThread:24548 [sender.py:_save_file():952] saving file wandb-summary.json with policy end
2022-12-23 17:05:50,168 DEBUG   SenderThread:24548 [sender.py:send():236] send: history
2022-12-23 17:05:50,168 DEBUG   SenderThread:24548 [sender.py:send():236] send: summary
2022-12-23 17:05:50,169 INFO    SenderThread:24548 [sender.py:_save_file():952] saving file wandb-summary.json with policy end
2022-12-23 17:05:50,169 DEBUG   SenderThread:24548 [sender.py:send_request():250] send_request: stop_status
2022-12-23 17:05:51,092 INFO    Thread-11 :24548 [dir_watcher.py:_on_file_modified():286] file/dir modified: F:\FYP\wandb\run-20221223_165855-g7riqggm\files\wandb-summary.json
2022-12-23 17:05:51,639 DEBUG   SenderThread:24548 [sender.py:send():236] send: stats
2022-12-23 17:06:09,065 DEBUG   SenderThread:24548 [sender.py:send():236] send: stats
